<?xml version="1.0" encoding="UTF-8"?>
<!-- Generated by org.testng.reporters.JUnitReportReporter -->
<testsuite hostname="Pratikgil" failures="0" tests="1" name="com.crm.testCases.Tc02ETB" time="2.518" errors="0" timestamp="2022-09-14T14:43:08 IST" skipped="1">
  <testcase classname="com.crm.testCases.Tc02ETB" name="ETBLeadJourney" time="2.518">
    <skipped/>
  </testcase> <!-- ETBLeadJourney -->
  <system-out/>
</testsuite> <!-- com.crm.testCases.Tc02ETB -->
