<?xml version="1.0" encoding="UTF-8"?>
<!-- Generated by org.testng.reporters.JUnitReportReporter -->
<testsuite hostname="Pratikgil" failures="0" tests="1" name="com.crm.testCases.TC16WCDLOffer_ADHOC" time="17.075" errors="0" timestamp="2022-10-19T12:23:21 IST" skipped="1">
  <testcase classname="com.crm.testCases.TC16WCDLOffer_ADHOC" name="WCDLOffer_forAdhoc" time="17.075">
    <skipped/>
  </testcase> <!-- WCDLOffer_forAdhoc -->
  <system-out/>
</testsuite> <!-- com.crm.testCases.TC16WCDLOffer_ADHOC -->
