<?xml version="1.0" encoding="UTF-8"?>
<!-- Generated by org.testng.reporters.JUnitReportReporter -->
<testsuite hostname="Pratikgil" failures="0" tests="1" name="com.crm.testCases.Tc11CreateAppointmentOnLeadOfCar" time="6.913" errors="0" timestamp="2022-09-14T14:43:08 IST" skipped="1">
  <testcase classname="com.crm.testCases.Tc11CreateAppointmentOnLeadOfCar" name="CreateAppointmentOnLeadOfCar" time="6.913">
    <skipped/>
  </testcase> <!-- CreateAppointmentOnLeadOfCar -->
  <system-out/>
</testsuite> <!-- com.crm.testCases.Tc11CreateAppointmentOnLeadOfCar -->
