<?xml version="1.0" encoding="UTF-8"?>
<!-- Generated by org.testng.reporters.JUnitReportReporter -->
<testsuite hostname="Pratikgil" failures="0" tests="1" name="com.crm.testCases.Tc20NTBAssistedDocReq" time="14.887" errors="0" timestamp="2022-10-19T12:23:21 IST" skipped="1">
  <testcase classname="com.crm.testCases.Tc20NTBAssistedDocReq" name="NTBAssistedJourneyWithDocCC" time="14.887">
    <skipped/>
  </testcase> <!-- NTBAssistedJourneyWithDocCC -->
  <system-out/>
</testsuite> <!-- com.crm.testCases.Tc20NTBAssistedDocReq -->
