<?xml version="1.0" encoding="UTF-8"?>
<!-- Generated by org.testng.reporters.JUnitReportReporter -->
<testsuite hostname="Pratikgil" failures="0" tests="1" name="com.crm.testCases.TC17WCDLOffer_Sublimit" time="14.746" errors="0" timestamp="2022-10-19T12:23:21 IST" skipped="1">
  <testcase classname="com.crm.testCases.TC17WCDLOffer_Sublimit" name="WCDLOffer_forSublimit" time="14.746">
    <skipped/>
  </testcase> <!-- WCDLOffer_forSublimit -->
  <system-out/>
</testsuite> <!-- com.crm.testCases.TC17WCDLOffer_Sublimit -->
