<?xml version="1.0" encoding="UTF-8"?>
<!-- Generated by org.testng.reporters.JUnitReportReporter -->
<testsuite hostname="Pratikgil" failures="0" tests="1" name="com.crm.testCases.TC19OD_PL_PA" time="13.580" errors="0" timestamp="2022-10-19T12:23:21 IST" skipped="1">
  <testcase classname="com.crm.testCases.TC19OD_PL_PA" name="Kotak_OD_PL_PA" time="13.580">
    <skipped/>
  </testcase> <!-- Kotak_OD_PL_PA -->
  <system-out/>
</testsuite> <!-- com.crm.testCases.TC19OD_PL_PA -->
