<?xml version="1.0" encoding="UTF-8"?>
<!-- Generated by org.testng.reporters.JUnitReportReporter -->
<testsuite hostname="Pratikgil" failures="0" tests="1" name="com.crm.testCases.TC18WCDLOffer_Renewal" time="13.403" errors="0" timestamp="2022-10-19T12:23:21 IST" skipped="1">
  <testcase classname="com.crm.testCases.TC18WCDLOffer_Renewal" name="WCDLOffer_forRenewal" time="13.403">
    <skipped/>
  </testcase> <!-- WCDLOffer_forRenewal -->
  <system-out/>
</testsuite> <!-- com.crm.testCases.TC18WCDLOffer_Renewal -->
