<?xml version="1.0" encoding="UTF-8"?>
<!-- Generated by org.testng.reporters.JUnitReportReporter -->
<testsuite hostname="Pratikgil" failures="0" tests="1" name="com.crm.testCases.Tc03CreateTaskOnLead" time="2.733" errors="0" timestamp="2022-09-14T14:43:08 IST" skipped="1">
  <testcase classname="com.crm.testCases.Tc03CreateTaskOnLead" name="CreateTaskOnLead" time="2.733">
    <skipped/>
  </testcase> <!-- CreateTaskOnLead -->
  <system-out/>
</testsuite> <!-- com.crm.testCases.Tc03CreateTaskOnLead -->
